running egg_info
creating ../../build/ros_image_transport/ros_image_transport.egg-info
writing ../../build/ros_image_transport/ros_image_transport.egg-info/PKG-INFO
writing dependency_links to ../../build/ros_image_transport/ros_image_transport.egg-info/dependency_links.txt
writing entry points to ../../build/ros_image_transport/ros_image_transport.egg-info/entry_points.txt
writing requirements to ../../build/ros_image_transport/ros_image_transport.egg-info/requires.txt
writing top-level names to ../../build/ros_image_transport/ros_image_transport.egg-info/top_level.txt
writing manifest file '../../build/ros_image_transport/ros_image_transport.egg-info/SOURCES.txt'
reading manifest file '../../build/ros_image_transport/ros_image_transport.egg-info/SOURCES.txt'
writing manifest file '../../build/ros_image_transport/ros_image_transport.egg-info/SOURCES.txt'
running build
running build_py
creating /root/ros2_ws/build/ros_image_transport/build
creating /root/ros2_ws/build/ros_image_transport/build/lib
creating /root/ros2_ws/build/ros_image_transport/build/lib/ros_image_transport
copying ros_image_transport/__init__.py -> /root/ros2_ws/build/ros_image_transport/build/lib/ros_image_transport
copying ros_image_transport/mynode.py -> /root/ros2_ws/build/ros_image_transport/build/lib/ros_image_transport
running install
running install_lib
creating /root/ros2_ws/install/ros_image_transport/lib/python3.10/site-packages/ros_image_transport
copying /root/ros2_ws/build/ros_image_transport/build/lib/ros_image_transport/__init__.py -> /root/ros2_ws/install/ros_image_transport/lib/python3.10/site-packages/ros_image_transport
copying /root/ros2_ws/build/ros_image_transport/build/lib/ros_image_transport/mynode.py -> /root/ros2_ws/install/ros_image_transport/lib/python3.10/site-packages/ros_image_transport
byte-compiling /root/ros2_ws/install/ros_image_transport/lib/python3.10/site-packages/ros_image_transport/__init__.py to __init__.cpython-310.pyc
byte-compiling /root/ros2_ws/install/ros_image_transport/lib/python3.10/site-packages/ros_image_transport/mynode.py to mynode.cpython-310.pyc
running install_data
creating /root/ros2_ws/install/ros_image_transport/share/ament_index
creating /root/ros2_ws/install/ros_image_transport/share/ament_index/resource_index
creating /root/ros2_ws/install/ros_image_transport/share/ament_index/resource_index/packages
copying resource/ros_image_transport -> /root/ros2_ws/install/ros_image_transport/share/ament_index/resource_index/packages
copying package.xml -> /root/ros2_ws/install/ros_image_transport/share/ros_image_transport
running install_egg_info
Copying ../../build/ros_image_transport/ros_image_transport.egg-info to /root/ros2_ws/install/ros_image_transport/lib/python3.10/site-packages/ros_image_transport-0.0.0-py3.10.egg-info
running install_scripts
Installing image_transport_node script to /root/ros2_ws/install/ros_image_transport/lib/ros_image_transport
writing list of installed files to '/root/ros2_ws/build/ros_image_transport/install.log'
