[0.492s] Invoking command in '/root/ros2_ws/src/ros_image_transport': PYTHONPATH=/root/ros2_ws/build/ros_image_transport/prefix_override:/usr/lib/python3/dist-packages/colcon_core/task/python/colcon_distutils_commands:/root/ros2_ws/install/ros_image_transport/lib/python3.10/site-packages:${PYTHONPATH} /usr/bin/python3 -W ignore:setup.py install is deprecated setup.py egg_info --egg-base ../../build/ros_image_transport build --build-base /root/ros2_ws/build/ros_image_transport/build install --record /root/ros2_ws/build/ros_image_transport/install.log --single-version-externally-managed install_data
[0.679s] running egg_info
[0.679s] creating ../../build/ros_image_transport/ros_image_transport.egg-info
[0.679s] writing ../../build/ros_image_transport/ros_image_transport.egg-info/PKG-INFO
[0.679s] writing dependency_links to ../../build/ros_image_transport/ros_image_transport.egg-info/dependency_links.txt
[0.679s] writing entry points to ../../build/ros_image_transport/ros_image_transport.egg-info/entry_points.txt
[0.680s] writing requirements to ../../build/ros_image_transport/ros_image_transport.egg-info/requires.txt
[0.680s] writing top-level names to ../../build/ros_image_transport/ros_image_transport.egg-info/top_level.txt
[0.680s] writing manifest file '../../build/ros_image_transport/ros_image_transport.egg-info/SOURCES.txt'
[0.681s] reading manifest file '../../build/ros_image_transport/ros_image_transport.egg-info/SOURCES.txt'
[0.681s] writing manifest file '../../build/ros_image_transport/ros_image_transport.egg-info/SOURCES.txt'
[0.681s] running build
[0.681s] running build_py
[0.681s] creating /root/ros2_ws/build/ros_image_transport/build
[0.681s] creating /root/ros2_ws/build/ros_image_transport/build/lib
[0.682s] creating /root/ros2_ws/build/ros_image_transport/build/lib/ros_image_transport
[0.682s] copying ros_image_transport/__init__.py -> /root/ros2_ws/build/ros_image_transport/build/lib/ros_image_transport
[0.682s] copying ros_image_transport/mynode.py -> /root/ros2_ws/build/ros_image_transport/build/lib/ros_image_transport
[0.682s] running install
[0.682s] running install_lib
[0.682s] creating /root/ros2_ws/install/ros_image_transport/lib/python3.10/site-packages/ros_image_transport
[0.683s] copying /root/ros2_ws/build/ros_image_transport/build/lib/ros_image_transport/__init__.py -> /root/ros2_ws/install/ros_image_transport/lib/python3.10/site-packages/ros_image_transport
[0.683s] copying /root/ros2_ws/build/ros_image_transport/build/lib/ros_image_transport/mynode.py -> /root/ros2_ws/install/ros_image_transport/lib/python3.10/site-packages/ros_image_transport
[0.683s] byte-compiling /root/ros2_ws/install/ros_image_transport/lib/python3.10/site-packages/ros_image_transport/__init__.py to __init__.cpython-310.pyc
[0.684s] byte-compiling /root/ros2_ws/install/ros_image_transport/lib/python3.10/site-packages/ros_image_transport/mynode.py to mynode.cpython-310.pyc
[0.685s] running install_data
[0.685s] creating /root/ros2_ws/install/ros_image_transport/share/ament_index
[0.686s] creating /root/ros2_ws/install/ros_image_transport/share/ament_index/resource_index
[0.686s] creating /root/ros2_ws/install/ros_image_transport/share/ament_index/resource_index/packages
[0.686s] copying resource/ros_image_transport -> /root/ros2_ws/install/ros_image_transport/share/ament_index/resource_index/packages
[0.686s] copying package.xml -> /root/ros2_ws/install/ros_image_transport/share/ros_image_transport
[0.686s] running install_egg_info
[0.687s] Copying ../../build/ros_image_transport/ros_image_transport.egg-info to /root/ros2_ws/install/ros_image_transport/lib/python3.10/site-packages/ros_image_transport-0.0.0-py3.10.egg-info
[0.687s] running install_scripts
[0.705s] Installing image_transport_node script to /root/ros2_ws/install/ros_image_transport/lib/ros_image_transport
[0.706s] writing list of installed files to '/root/ros2_ws/build/ros_image_transport/install.log'
[0.719s] Invoked command in '/root/ros2_ws/src/ros_image_transport' returned '0': PYTHONPATH=/root/ros2_ws/build/ros_image_transport/prefix_override:/usr/lib/python3/dist-packages/colcon_core/task/python/colcon_distutils_commands:/root/ros2_ws/install/ros_image_transport/lib/python3.10/site-packages:${PYTHONPATH} /usr/bin/python3 -W ignore:setup.py install is deprecated setup.py egg_info --egg-base ../../build/ros_image_transport build --build-base /root/ros2_ws/build/ros_image_transport/build install --record /root/ros2_ws/build/ros_image_transport/install.log --single-version-externally-managed install_data
