[0.526s] Invoking command in '/root/ros2_ws/src/ros_image_transport': PYTHONPATH=/root/ros2_ws/build/ros_image_transport/prefix_override:/usr/lib/python3/dist-packages/colcon_core/task/python/colcon_distutils_commands:/root/ros2_ws/install/ros_image_transport/lib/python3.10/site-packages:${PYTHONPATH} /usr/bin/python3 -W ignore:setup.py install is deprecated setup.py egg_info --egg-base ../../build/ros_image_transport build --build-base /root/ros2_ws/build/ros_image_transport/build install --record /root/ros2_ws/build/ros_image_transport/install.log --single-version-externally-managed install_data
[0.714s] running egg_info
[0.714s] writing ../../build/ros_image_transport/ros_image_transport.egg-info/PKG-INFO
[0.714s] writing dependency_links to ../../build/ros_image_transport/ros_image_transport.egg-info/dependency_links.txt
[0.714s] writing entry points to ../../build/ros_image_transport/ros_image_transport.egg-info/entry_points.txt
[0.715s] writing requirements to ../../build/ros_image_transport/ros_image_transport.egg-info/requires.txt
[0.715s] writing top-level names to ../../build/ros_image_transport/ros_image_transport.egg-info/top_level.txt
[0.716s] reading manifest file '../../build/ros_image_transport/ros_image_transport.egg-info/SOURCES.txt'
[0.716s] writing manifest file '../../build/ros_image_transport/ros_image_transport.egg-info/SOURCES.txt'
[0.716s] running build
[0.716s] running build_py
[0.716s] running install
[0.717s] running install_lib
[0.717s] running install_data
[0.717s] running install_egg_info
[0.718s] removing '/root/ros2_ws/install/ros_image_transport/lib/python3.10/site-packages/ros_image_transport-0.0.0-py3.10.egg-info' (and everything under it)
[0.719s] Copying ../../build/ros_image_transport/ros_image_transport.egg-info to /root/ros2_ws/install/ros_image_transport/lib/python3.10/site-packages/ros_image_transport-0.0.0-py3.10.egg-info
[0.719s] running install_scripts
[0.739s] Installing image_transport_node script to /root/ros2_ws/install/ros_image_transport/lib/ros_image_transport
[0.739s] writing list of installed files to '/root/ros2_ws/build/ros_image_transport/install.log'
[0.753s] Invoked command in '/root/ros2_ws/src/ros_image_transport' returned '0': PYTHONPATH=/root/ros2_ws/build/ros_image_transport/prefix_override:/usr/lib/python3/dist-packages/colcon_core/task/python/colcon_distutils_commands:/root/ros2_ws/install/ros_image_transport/lib/python3.10/site-packages:${PYTHONPATH} /usr/bin/python3 -W ignore:setup.py install is deprecated setup.py egg_info --egg-base ../../build/ros_image_transport build --build-base /root/ros2_ws/build/ros_image_transport/build install --record /root/ros2_ws/build/ros_image_transport/install.log --single-version-externally-managed install_data
