[0.102s] DEBUG:colcon:Command line arguments: ['/usr/bin/colcon', 'build']
[0.102s] DEBUG:colcon:Parsed command line arguments: Namespace(log_base=None, log_level=None, verb_name='build', build_base='build', install_base='install', merge_install=False, symlink_install=False, test_result_base=None, continue_on_error=False, executor='parallel', parallel_workers=8, event_handlers=None, ignore_user_meta=False, metas=['./colcon.meta'], base_paths=['.'], packages_ignore=None, packages_ignore_regex=None, paths=None, packages_up_to=None, packages_up_to_regex=None, packages_above=None, packages_above_and_dependencies=None, packages_above_depth=None, packages_select_by_dep=None, packages_skip_by_dep=None, packages_skip_up_to=None, packages_select_build_failed=False, packages_skip_build_finished=False, packages_select_test_failures=False, packages_skip_test_passed=False, packages_select=None, packages_skip=None, packages_select_regex=None, packages_skip_regex=None, packages_start=None, packages_end=None, cmake_args=None, cmake_target=None, cmake_target_skip_unavailable=False, cmake_clean_cache=False, cmake_clean_first=False, cmake_force_configure=False, ament_cmake_args=None, catkin_cmake_args=None, catkin_skip_building_tests=False, mixin_files=None, mixin=None, verb_parser=<colcon_mixin.mixin.mixin_argument.MixinArgumentDecorator object at 0x7ffffe3c3e20>, verb_extension=<colcon_core.verb.build.BuildVerb object at 0x7ffffe3717b0>, main=<bound method BuildVerb.main of <colcon_core.verb.build.BuildVerb object at 0x7ffffe3717b0>>, mixin_verb=('build',))
[0.186s] Level 1:colcon.colcon_core.package_discovery:discover_packages(colcon_meta) check parameters
[0.186s] INFO:colcon.colcon_metadata.package_discovery.colcon_meta:Using configuration from '/root/.colcon/metadata/default/Gazebo.meta'
[0.187s] INFO:colcon.colcon_metadata.package_discovery.colcon_meta:Using configuration from '/root/.colcon/metadata/default/fastrtps.meta'
[0.187s] Level 1:colcon.colcon_core.package_discovery:discover_packages(recursive) check parameters
[0.187s] Level 1:colcon.colcon_core.package_discovery:discover_packages(ignore) check parameters
[0.187s] Level 1:colcon.colcon_core.package_discovery:discover_packages(path) check parameters
[0.187s] Level 1:colcon.colcon_core.package_discovery:discover_packages(colcon_meta) discover
[0.187s] Level 1:colcon.colcon_core.package_discovery:discover_packages(recursive) discover
[0.187s] INFO:colcon.colcon_core.package_discovery:Crawling recursively for packages in '/root/ros-image-stream/ros2_ws'
[0.187s] Level 1:colcon.colcon_core.package_identification:_identify(.) by extensions ['ignore', 'ignore_ament_install']
[0.187s] Level 1:colcon.colcon_core.package_identification:_identify(.) by extension 'ignore'
[0.187s] Level 1:colcon.colcon_core.package_identification:_identify(.) by extension 'ignore_ament_install'
[0.187s] Level 1:colcon.colcon_core.package_identification:_identify(.) by extensions ['colcon_pkg']
[0.187s] Level 1:colcon.colcon_core.package_identification:_identify(.) by extension 'colcon_pkg'
[0.187s] Level 1:colcon.colcon_core.package_identification:_identify(.) by extensions ['colcon_meta']
[0.187s] Level 1:colcon.colcon_core.package_identification:_identify(.) by extension 'colcon_meta'
[0.187s] Level 1:colcon.colcon_core.package_identification:_identify(.) by extensions ['ros']
[0.187s] Level 1:colcon.colcon_core.package_identification:_identify(.) by extension 'ros'
[0.195s] Level 1:colcon.colcon_core.package_identification:_identify(.) by extensions ['cmake', 'python']
[0.195s] Level 1:colcon.colcon_core.package_identification:_identify(.) by extension 'cmake'
[0.195s] Level 1:colcon.colcon_core.package_identification:_identify(.) by extension 'python'
[0.195s] Level 1:colcon.colcon_core.package_identification:_identify(.) by extensions ['python_setup_py']
[0.195s] Level 1:colcon.colcon_core.package_identification:_identify(.) by extension 'python_setup_py'
[0.195s] Level 1:colcon.colcon_core.package_identification:_identify(build) by extensions ['ignore', 'ignore_ament_install']
[0.195s] Level 1:colcon.colcon_core.package_identification:_identify(build) by extension 'ignore'
[0.195s] Level 1:colcon.colcon_core.package_identification:_identify(build) ignored
[0.196s] Level 1:colcon.colcon_core.package_identification:_identify(install) by extensions ['ignore', 'ignore_ament_install']
[0.196s] Level 1:colcon.colcon_core.package_identification:_identify(install) by extension 'ignore'
[0.196s] Level 1:colcon.colcon_core.package_identification:_identify(install) ignored
[0.196s] Level 1:colcon.colcon_core.package_identification:_identify(log) by extensions ['ignore', 'ignore_ament_install']
[0.196s] Level 1:colcon.colcon_core.package_identification:_identify(log) by extension 'ignore'
[0.196s] Level 1:colcon.colcon_core.package_identification:_identify(log) ignored
[0.196s] Level 1:colcon.colcon_core.package_identification:_identify(src) by extensions ['ignore', 'ignore_ament_install']
[0.196s] Level 1:colcon.colcon_core.package_identification:_identify(src) by extension 'ignore'
[0.196s] Level 1:colcon.colcon_core.package_identification:_identify(src) by extension 'ignore_ament_install'
[0.196s] Level 1:colcon.colcon_core.package_identification:_identify(src) by extensions ['colcon_pkg']
[0.196s] Level 1:colcon.colcon_core.package_identification:_identify(src) by extension 'colcon_pkg'
[0.196s] Level 1:colcon.colcon_core.package_identification:_identify(src) by extensions ['colcon_meta']
[0.196s] Level 1:colcon.colcon_core.package_identification:_identify(src) by extension 'colcon_meta'
[0.196s] Level 1:colcon.colcon_core.package_identification:_identify(src) by extensions ['ros']
[0.196s] Level 1:colcon.colcon_core.package_identification:_identify(src) by extension 'ros'
[0.196s] Level 1:colcon.colcon_core.package_identification:_identify(src) by extensions ['cmake', 'python']
[0.196s] Level 1:colcon.colcon_core.package_identification:_identify(src) by extension 'cmake'
[0.196s] Level 1:colcon.colcon_core.package_identification:_identify(src) by extension 'python'
[0.196s] Level 1:colcon.colcon_core.package_identification:_identify(src) by extensions ['python_setup_py']
[0.196s] Level 1:colcon.colcon_core.package_identification:_identify(src) by extension 'python_setup_py'
[0.196s] Level 1:colcon.colcon_core.package_identification:_identify(src/image_common) by extensions ['ignore', 'ignore_ament_install']
[0.196s] Level 1:colcon.colcon_core.package_identification:_identify(src/image_common) by extension 'ignore'
[0.196s] Level 1:colcon.colcon_core.package_identification:_identify(src/image_common) by extension 'ignore_ament_install'
[0.196s] Level 1:colcon.colcon_core.package_identification:_identify(src/image_common) by extensions ['colcon_pkg']
[0.196s] Level 1:colcon.colcon_core.package_identification:_identify(src/image_common) by extension 'colcon_pkg'
[0.196s] Level 1:colcon.colcon_core.package_identification:_identify(src/image_common) by extensions ['colcon_meta']
[0.196s] Level 1:colcon.colcon_core.package_identification:_identify(src/image_common) by extension 'colcon_meta'
[0.196s] Level 1:colcon.colcon_core.package_identification:_identify(src/image_common) by extensions ['ros']
[0.196s] Level 1:colcon.colcon_core.package_identification:_identify(src/image_common) by extension 'ros'
[0.196s] Level 1:colcon.colcon_core.package_identification:_identify(src/image_common) by extensions ['cmake', 'python']
[0.196s] Level 1:colcon.colcon_core.package_identification:_identify(src/image_common) by extension 'cmake'
[0.196s] Level 1:colcon.colcon_core.package_identification:_identify(src/image_common) by extension 'python'
[0.196s] Level 1:colcon.colcon_core.package_identification:_identify(src/image_common) by extensions ['python_setup_py']
[0.196s] Level 1:colcon.colcon_core.package_identification:_identify(src/image_common) by extension 'python_setup_py'
[0.197s] Level 1:colcon.colcon_core.package_identification:_identify(src/image_common/camera_calibration_parsers) by extensions ['ignore', 'ignore_ament_install']
[0.197s] Level 1:colcon.colcon_core.package_identification:_identify(src/image_common/camera_calibration_parsers) by extension 'ignore'
[0.197s] Level 1:colcon.colcon_core.package_identification:_identify(src/image_common/camera_calibration_parsers) by extension 'ignore_ament_install'
[0.197s] Level 1:colcon.colcon_core.package_identification:_identify(src/image_common/camera_calibration_parsers) by extensions ['colcon_pkg']
[0.197s] Level 1:colcon.colcon_core.package_identification:_identify(src/image_common/camera_calibration_parsers) by extension 'colcon_pkg'
[0.197s] Level 1:colcon.colcon_core.package_identification:_identify(src/image_common/camera_calibration_parsers) by extensions ['colcon_meta']
[0.197s] Level 1:colcon.colcon_core.package_identification:_identify(src/image_common/camera_calibration_parsers) by extension 'colcon_meta'
[0.197s] Level 1:colcon.colcon_core.package_identification:_identify(src/image_common/camera_calibration_parsers) by extensions ['ros']
[0.197s] Level 1:colcon.colcon_core.package_identification:_identify(src/image_common/camera_calibration_parsers) by extension 'ros'
[0.201s] DEBUG:colcon.colcon_core.package_identification:Package 'src/image_common/camera_calibration_parsers' with type 'ros.ament_cmake' and name 'camera_calibration_parsers'
[0.201s] Level 1:colcon.colcon_core.package_identification:_identify(src/image_common/camera_info_manager) by extensions ['ignore', 'ignore_ament_install']
[0.201s] Level 1:colcon.colcon_core.package_identification:_identify(src/image_common/camera_info_manager) by extension 'ignore'
[0.201s] Level 1:colcon.colcon_core.package_identification:_identify(src/image_common/camera_info_manager) by extension 'ignore_ament_install'
[0.201s] Level 1:colcon.colcon_core.package_identification:_identify(src/image_common/camera_info_manager) by extensions ['colcon_pkg']
[0.201s] Level 1:colcon.colcon_core.package_identification:_identify(src/image_common/camera_info_manager) by extension 'colcon_pkg'
[0.201s] Level 1:colcon.colcon_core.package_identification:_identify(src/image_common/camera_info_manager) by extensions ['colcon_meta']
[0.201s] Level 1:colcon.colcon_core.package_identification:_identify(src/image_common/camera_info_manager) by extension 'colcon_meta'
[0.201s] Level 1:colcon.colcon_core.package_identification:_identify(src/image_common/camera_info_manager) by extensions ['ros']
[0.201s] Level 1:colcon.colcon_core.package_identification:_identify(src/image_common/camera_info_manager) by extension 'ros'
[0.202s] DEBUG:colcon.colcon_core.package_identification:Package 'src/image_common/camera_info_manager' with type 'ros.ament_cmake' and name 'camera_info_manager'
[0.202s] Level 1:colcon.colcon_core.package_identification:_identify(src/image_common/camera_info_manager_py) by extensions ['ignore', 'ignore_ament_install']
[0.202s] Level 1:colcon.colcon_core.package_identification:_identify(src/image_common/camera_info_manager_py) by extension 'ignore'
[0.202s] Level 1:colcon.colcon_core.package_identification:_identify(src/image_common/camera_info_manager_py) by extension 'ignore_ament_install'
[0.202s] Level 1:colcon.colcon_core.package_identification:_identify(src/image_common/camera_info_manager_py) by extensions ['colcon_pkg']
[0.202s] Level 1:colcon.colcon_core.package_identification:_identify(src/image_common/camera_info_manager_py) by extension 'colcon_pkg'
[0.202s] Level 1:colcon.colcon_core.package_identification:_identify(src/image_common/camera_info_manager_py) by extensions ['colcon_meta']
[0.202s] Level 1:colcon.colcon_core.package_identification:_identify(src/image_common/camera_info_manager_py) by extension 'colcon_meta'
[0.202s] Level 1:colcon.colcon_core.package_identification:_identify(src/image_common/camera_info_manager_py) by extensions ['ros']
[0.202s] Level 1:colcon.colcon_core.package_identification:_identify(src/image_common/camera_info_manager_py) by extension 'ros'
[0.203s] DEBUG:colcon.colcon_core.package_identification:Package 'src/image_common/camera_info_manager_py' with type 'ros.ament_python' and name 'camera_info_manager_py'
[0.203s] Level 1:colcon.colcon_core.package_identification:_identify(src/image_common/image_common) by extensions ['ignore', 'ignore_ament_install']
[0.203s] Level 1:colcon.colcon_core.package_identification:_identify(src/image_common/image_common) by extension 'ignore'
[0.203s] Level 1:colcon.colcon_core.package_identification:_identify(src/image_common/image_common) by extension 'ignore_ament_install'
[0.203s] Level 1:colcon.colcon_core.package_identification:_identify(src/image_common/image_common) by extensions ['colcon_pkg']
[0.203s] Level 1:colcon.colcon_core.package_identification:_identify(src/image_common/image_common) by extension 'colcon_pkg'
[0.203s] Level 1:colcon.colcon_core.package_identification:_identify(src/image_common/image_common) by extensions ['colcon_meta']
[0.203s] Level 1:colcon.colcon_core.package_identification:_identify(src/image_common/image_common) by extension 'colcon_meta'
[0.203s] Level 1:colcon.colcon_core.package_identification:_identify(src/image_common/image_common) by extensions ['ros']
[0.203s] Level 1:colcon.colcon_core.package_identification:_identify(src/image_common/image_common) by extension 'ros'
[0.204s] DEBUG:colcon.colcon_core.package_identification:Package 'src/image_common/image_common' with type 'ros.ament_cmake' and name 'image_common'
[0.204s] Level 1:colcon.colcon_core.package_identification:_identify(src/image_common/image_transport) by extensions ['ignore', 'ignore_ament_install']
[0.204s] Level 1:colcon.colcon_core.package_identification:_identify(src/image_common/image_transport) by extension 'ignore'
[0.204s] Level 1:colcon.colcon_core.package_identification:_identify(src/image_common/image_transport) by extension 'ignore_ament_install'
[0.204s] Level 1:colcon.colcon_core.package_identification:_identify(src/image_common/image_transport) by extensions ['colcon_pkg']
[0.204s] Level 1:colcon.colcon_core.package_identification:_identify(src/image_common/image_transport) by extension 'colcon_pkg'
[0.204s] Level 1:colcon.colcon_core.package_identification:_identify(src/image_common/image_transport) by extensions ['colcon_meta']
[0.204s] Level 1:colcon.colcon_core.package_identification:_identify(src/image_common/image_transport) by extension 'colcon_meta'
[0.204s] Level 1:colcon.colcon_core.package_identification:_identify(src/image_common/image_transport) by extensions ['ros']
[0.204s] Level 1:colcon.colcon_core.package_identification:_identify(src/image_common/image_transport) by extension 'ros'
[0.205s] DEBUG:colcon.colcon_core.package_identification:Package 'src/image_common/image_transport' with type 'ros.ament_cmake' and name 'image_transport'
[0.205s] Level 1:colcon.colcon_core.package_identification:_identify(src/image_common/image_transport_py) by extensions ['ignore', 'ignore_ament_install']
[0.205s] Level 1:colcon.colcon_core.package_identification:_identify(src/image_common/image_transport_py) by extension 'ignore'
[0.205s] Level 1:colcon.colcon_core.package_identification:_identify(src/image_common/image_transport_py) by extension 'ignore_ament_install'
[0.205s] Level 1:colcon.colcon_core.package_identification:_identify(src/image_common/image_transport_py) by extensions ['colcon_pkg']
[0.205s] Level 1:colcon.colcon_core.package_identification:_identify(src/image_common/image_transport_py) by extension 'colcon_pkg'
[0.205s] Level 1:colcon.colcon_core.package_identification:_identify(src/image_common/image_transport_py) by extensions ['colcon_meta']
[0.205s] Level 1:colcon.colcon_core.package_identification:_identify(src/image_common/image_transport_py) by extension 'colcon_meta'
[0.205s] Level 1:colcon.colcon_core.package_identification:_identify(src/image_common/image_transport_py) by extensions ['ros']
[0.205s] Level 1:colcon.colcon_core.package_identification:_identify(src/image_common/image_transport_py) by extension 'ros'
[0.206s] DEBUG:colcon.colcon_core.package_identification:Package 'src/image_common/image_transport_py' with type 'ros.ament_cmake' and name 'image_transport_py'
[0.206s] Level 1:colcon.colcon_core.package_identification:_identify(src/image_common/polled_camera) by extensions ['ignore', 'ignore_ament_install']
[0.206s] Level 1:colcon.colcon_core.package_identification:_identify(src/image_common/polled_camera) by extension 'ignore'
[0.206s] Level 1:colcon.colcon_core.package_identification:_identify(src/image_common/polled_camera) ignored
[0.206s] Level 1:colcon.colcon_core.package_identification:_identify(src/ros_image_transport) by extensions ['ignore', 'ignore_ament_install']
[0.206s] Level 1:colcon.colcon_core.package_identification:_identify(src/ros_image_transport) by extension 'ignore'
[0.206s] Level 1:colcon.colcon_core.package_identification:_identify(src/ros_image_transport) by extension 'ignore_ament_install'
[0.206s] Level 1:colcon.colcon_core.package_identification:_identify(src/ros_image_transport) by extensions ['colcon_pkg']
[0.206s] Level 1:colcon.colcon_core.package_identification:_identify(src/ros_image_transport) by extension 'colcon_pkg'
[0.206s] Level 1:colcon.colcon_core.package_identification:_identify(src/ros_image_transport) by extensions ['colcon_meta']
[0.206s] Level 1:colcon.colcon_core.package_identification:_identify(src/ros_image_transport) by extension 'colcon_meta'
[0.206s] Level 1:colcon.colcon_core.package_identification:_identify(src/ros_image_transport) by extensions ['ros']
[0.206s] Level 1:colcon.colcon_core.package_identification:_identify(src/ros_image_transport) by extension 'ros'
[0.206s] DEBUG:colcon.colcon_core.package_identification:Package 'src/ros_image_transport' with type 'ros.ament_python' and name 'ros_image_transport'
[0.206s] Level 1:colcon.colcon_core.package_discovery:discover_packages(recursive) using defaults
[0.206s] Level 1:colcon.colcon_core.package_discovery:discover_packages(ignore) discover
[0.206s] Level 1:colcon.colcon_core.package_discovery:discover_packages(ignore) using defaults
[0.206s] Level 1:colcon.colcon_core.package_discovery:discover_packages(path) discover
[0.206s] Level 1:colcon.colcon_core.package_discovery:discover_packages(path) using defaults
[0.222s] Level 5:colcon.colcon_core.verb:set package 'camera_calibration_parsers' build argument 'cmake_args' from command line to 'None'
[0.222s] Level 5:colcon.colcon_core.verb:set package 'camera_calibration_parsers' build argument 'cmake_target' from command line to 'None'
[0.222s] Level 5:colcon.colcon_core.verb:set package 'camera_calibration_parsers' build argument 'cmake_target_skip_unavailable' from command line to 'False'
[0.222s] Level 5:colcon.colcon_core.verb:set package 'camera_calibration_parsers' build argument 'cmake_clean_cache' from command line to 'False'
[0.222s] Level 5:colcon.colcon_core.verb:set package 'camera_calibration_parsers' build argument 'cmake_clean_first' from command line to 'False'
[0.222s] Level 5:colcon.colcon_core.verb:set package 'camera_calibration_parsers' build argument 'cmake_force_configure' from command line to 'False'
[0.222s] Level 5:colcon.colcon_core.verb:set package 'camera_calibration_parsers' build argument 'ament_cmake_args' from command line to 'None'
[0.222s] Level 5:colcon.colcon_core.verb:set package 'camera_calibration_parsers' build argument 'catkin_cmake_args' from command line to 'None'
[0.222s] Level 5:colcon.colcon_core.verb:set package 'camera_calibration_parsers' build argument 'catkin_skip_building_tests' from command line to 'False'
[0.223s] DEBUG:colcon.colcon_core.verb:Building package 'camera_calibration_parsers' with the following arguments: {'ament_cmake_args': None, 'build_base': '/root/ros-image-stream/ros2_ws/build/camera_calibration_parsers', 'catkin_cmake_args': None, 'catkin_skip_building_tests': False, 'cmake_args': None, 'cmake_clean_cache': False, 'cmake_clean_first': False, 'cmake_force_configure': False, 'cmake_target': None, 'cmake_target_skip_unavailable': False, 'install_base': '/root/ros-image-stream/ros2_ws/install/camera_calibration_parsers', 'merge_install': False, 'path': '/root/ros-image-stream/ros2_ws/src/image_common/camera_calibration_parsers', 'symlink_install': False, 'test_result_base': None}
[0.223s] Level 5:colcon.colcon_core.verb:set package 'camera_info_manager_py' build argument 'cmake_args' from command line to 'None'
[0.223s] Level 5:colcon.colcon_core.verb:set package 'camera_info_manager_py' build argument 'cmake_target' from command line to 'None'
[0.223s] Level 5:colcon.colcon_core.verb:set package 'camera_info_manager_py' build argument 'cmake_target_skip_unavailable' from command line to 'False'
[0.223s] Level 5:colcon.colcon_core.verb:set package 'camera_info_manager_py' build argument 'cmake_clean_cache' from command line to 'False'
[0.223s] Level 5:colcon.colcon_core.verb:set package 'camera_info_manager_py' build argument 'cmake_clean_first' from command line to 'False'
[0.223s] Level 5:colcon.colcon_core.verb:set package 'camera_info_manager_py' build argument 'cmake_force_configure' from command line to 'False'
[0.223s] Level 5:colcon.colcon_core.verb:set package 'camera_info_manager_py' build argument 'ament_cmake_args' from command line to 'None'
[0.223s] Level 5:colcon.colcon_core.verb:set package 'camera_info_manager_py' build argument 'catkin_cmake_args' from command line to 'None'
[0.223s] Level 5:colcon.colcon_core.verb:set package 'camera_info_manager_py' build argument 'catkin_skip_building_tests' from command line to 'False'
[0.223s] DEBUG:colcon.colcon_core.verb:Building package 'camera_info_manager_py' with the following arguments: {'ament_cmake_args': None, 'build_base': '/root/ros-image-stream/ros2_ws/build/camera_info_manager_py', 'catkin_cmake_args': None, 'catkin_skip_building_tests': False, 'cmake_args': None, 'cmake_clean_cache': False, 'cmake_clean_first': False, 'cmake_force_configure': False, 'cmake_target': None, 'cmake_target_skip_unavailable': False, 'install_base': '/root/ros-image-stream/ros2_ws/install/camera_info_manager_py', 'merge_install': False, 'path': '/root/ros-image-stream/ros2_ws/src/image_common/camera_info_manager_py', 'symlink_install': False, 'test_result_base': None}
[0.223s] Level 5:colcon.colcon_core.verb:set package 'image_transport' build argument 'cmake_args' from command line to 'None'
[0.223s] Level 5:colcon.colcon_core.verb:set package 'image_transport' build argument 'cmake_target' from command line to 'None'
[0.223s] Level 5:colcon.colcon_core.verb:set package 'image_transport' build argument 'cmake_target_skip_unavailable' from command line to 'False'
[0.223s] Level 5:colcon.colcon_core.verb:set package 'image_transport' build argument 'cmake_clean_cache' from command line to 'False'
[0.223s] Level 5:colcon.colcon_core.verb:set package 'image_transport' build argument 'cmake_clean_first' from command line to 'False'
[0.223s] Level 5:colcon.colcon_core.verb:set package 'image_transport' build argument 'cmake_force_configure' from command line to 'False'
[0.223s] Level 5:colcon.colcon_core.verb:set package 'image_transport' build argument 'ament_cmake_args' from command line to 'None'
[0.223s] Level 5:colcon.colcon_core.verb:set package 'image_transport' build argument 'catkin_cmake_args' from command line to 'None'
[0.223s] Level 5:colcon.colcon_core.verb:set package 'image_transport' build argument 'catkin_skip_building_tests' from command line to 'False'
[0.223s] DEBUG:colcon.colcon_core.verb:Building package 'image_transport' with the following arguments: {'ament_cmake_args': None, 'build_base': '/root/ros-image-stream/ros2_ws/build/image_transport', 'catkin_cmake_args': None, 'catkin_skip_building_tests': False, 'cmake_args': None, 'cmake_clean_cache': False, 'cmake_clean_first': False, 'cmake_force_configure': False, 'cmake_target': None, 'cmake_target_skip_unavailable': False, 'install_base': '/root/ros-image-stream/ros2_ws/install/image_transport', 'merge_install': False, 'path': '/root/ros-image-stream/ros2_ws/src/image_common/image_transport', 'symlink_install': False, 'test_result_base': None}
[0.223s] Level 5:colcon.colcon_core.verb:set package 'camera_info_manager' build argument 'cmake_args' from command line to 'None'
[0.223s] Level 5:colcon.colcon_core.verb:set package 'camera_info_manager' build argument 'cmake_target' from command line to 'None'
[0.223s] Level 5:colcon.colcon_core.verb:set package 'camera_info_manager' build argument 'cmake_target_skip_unavailable' from command line to 'False'
[0.223s] Level 5:colcon.colcon_core.verb:set package 'camera_info_manager' build argument 'cmake_clean_cache' from command line to 'False'
[0.223s] Level 5:colcon.colcon_core.verb:set package 'camera_info_manager' build argument 'cmake_clean_first' from command line to 'False'
[0.224s] Level 5:colcon.colcon_core.verb:set package 'camera_info_manager' build argument 'cmake_force_configure' from command line to 'False'
[0.224s] Level 5:colcon.colcon_core.verb:set package 'camera_info_manager' build argument 'ament_cmake_args' from command line to 'None'
[0.224s] Level 5:colcon.colcon_core.verb:set package 'camera_info_manager' build argument 'catkin_cmake_args' from command line to 'None'
[0.224s] Level 5:colcon.colcon_core.verb:set package 'camera_info_manager' build argument 'catkin_skip_building_tests' from command line to 'False'
[0.224s] DEBUG:colcon.colcon_core.verb:Building package 'camera_info_manager' with the following arguments: {'ament_cmake_args': None, 'build_base': '/root/ros-image-stream/ros2_ws/build/camera_info_manager', 'catkin_cmake_args': None, 'catkin_skip_building_tests': False, 'cmake_args': None, 'cmake_clean_cache': False, 'cmake_clean_first': False, 'cmake_force_configure': False, 'cmake_target': None, 'cmake_target_skip_unavailable': False, 'install_base': '/root/ros-image-stream/ros2_ws/install/camera_info_manager', 'merge_install': False, 'path': '/root/ros-image-stream/ros2_ws/src/image_common/camera_info_manager', 'symlink_install': False, 'test_result_base': None}
[0.224s] Level 5:colcon.colcon_core.verb:set package 'image_transport_py' build argument 'cmake_args' from command line to 'None'
[0.224s] Level 5:colcon.colcon_core.verb:set package 'image_transport_py' build argument 'cmake_target' from command line to 'None'
[0.224s] Level 5:colcon.colcon_core.verb:set package 'image_transport_py' build argument 'cmake_target_skip_unavailable' from command line to 'False'
[0.224s] Level 5:colcon.colcon_core.verb:set package 'image_transport_py' build argument 'cmake_clean_cache' from command line to 'False'
[0.224s] Level 5:colcon.colcon_core.verb:set package 'image_transport_py' build argument 'cmake_clean_first' from command line to 'False'
[0.224s] Level 5:colcon.colcon_core.verb:set package 'image_transport_py' build argument 'cmake_force_configure' from command line to 'False'
[0.224s] Level 5:colcon.colcon_core.verb:set package 'image_transport_py' build argument 'ament_cmake_args' from command line to 'None'
[0.224s] Level 5:colcon.colcon_core.verb:set package 'image_transport_py' build argument 'catkin_cmake_args' from command line to 'None'
[0.224s] Level 5:colcon.colcon_core.verb:set package 'image_transport_py' build argument 'catkin_skip_building_tests' from command line to 'False'
[0.224s] DEBUG:colcon.colcon_core.verb:Building package 'image_transport_py' with the following arguments: {'ament_cmake_args': None, 'build_base': '/root/ros-image-stream/ros2_ws/build/image_transport_py', 'catkin_cmake_args': None, 'catkin_skip_building_tests': False, 'cmake_args': None, 'cmake_clean_cache': False, 'cmake_clean_first': False, 'cmake_force_configure': False, 'cmake_target': None, 'cmake_target_skip_unavailable': False, 'install_base': '/root/ros-image-stream/ros2_ws/install/image_transport_py', 'merge_install': False, 'path': '/root/ros-image-stream/ros2_ws/src/image_common/image_transport_py', 'symlink_install': False, 'test_result_base': None}
[0.224s] Level 5:colcon.colcon_core.verb:set package 'ros_image_transport' build argument 'cmake_args' from command line to 'None'
[0.224s] Level 5:colcon.colcon_core.verb:set package 'ros_image_transport' build argument 'cmake_target' from command line to 'None'
[0.224s] Level 5:colcon.colcon_core.verb:set package 'ros_image_transport' build argument 'cmake_target_skip_unavailable' from command line to 'False'
[0.224s] Level 5:colcon.colcon_core.verb:set package 'ros_image_transport' build argument 'cmake_clean_cache' from command line to 'False'
[0.224s] Level 5:colcon.colcon_core.verb:set package 'ros_image_transport' build argument 'cmake_clean_first' from command line to 'False'
[0.224s] Level 5:colcon.colcon_core.verb:set package 'ros_image_transport' build argument 'cmake_force_configure' from command line to 'False'
[0.224s] Level 5:colcon.colcon_core.verb:set package 'ros_image_transport' build argument 'ament_cmake_args' from command line to 'None'
[0.224s] Level 5:colcon.colcon_core.verb:set package 'ros_image_transport' build argument 'catkin_cmake_args' from command line to 'None'
[0.224s] Level 5:colcon.colcon_core.verb:set package 'ros_image_transport' build argument 'catkin_skip_building_tests' from command line to 'False'
[0.224s] DEBUG:colcon.colcon_core.verb:Building package 'ros_image_transport' with the following arguments: {'ament_cmake_args': None, 'build_base': '/root/ros-image-stream/ros2_ws/build/ros_image_transport', 'catkin_cmake_args': None, 'catkin_skip_building_tests': False, 'cmake_args': None, 'cmake_clean_cache': False, 'cmake_clean_first': False, 'cmake_force_configure': False, 'cmake_target': None, 'cmake_target_skip_unavailable': False, 'install_base': '/root/ros-image-stream/ros2_ws/install/ros_image_transport', 'merge_install': False, 'path': '/root/ros-image-stream/ros2_ws/src/ros_image_transport', 'symlink_install': False, 'test_result_base': None}
[0.224s] Level 5:colcon.colcon_core.verb:set package 'image_common' build argument 'cmake_args' from command line to 'None'
[0.224s] Level 5:colcon.colcon_core.verb:set package 'image_common' build argument 'cmake_target' from command line to 'None'
[0.224s] Level 5:colcon.colcon_core.verb:set package 'image_common' build argument 'cmake_target_skip_unavailable' from command line to 'False'
[0.225s] Level 5:colcon.colcon_core.verb:set package 'image_common' build argument 'cmake_clean_cache' from command line to 'False'
[0.225s] Level 5:colcon.colcon_core.verb:set package 'image_common' build argument 'cmake_clean_first' from command line to 'False'
[0.225s] Level 5:colcon.colcon_core.verb:set package 'image_common' build argument 'cmake_force_configure' from command line to 'False'
[0.225s] Level 5:colcon.colcon_core.verb:set package 'image_common' build argument 'ament_cmake_args' from command line to 'None'
[0.225s] Level 5:colcon.colcon_core.verb:set package 'image_common' build argument 'catkin_cmake_args' from command line to 'None'
[0.225s] Level 5:colcon.colcon_core.verb:set package 'image_common' build argument 'catkin_skip_building_tests' from command line to 'False'
[0.225s] DEBUG:colcon.colcon_core.verb:Building package 'image_common' with the following arguments: {'ament_cmake_args': None, 'build_base': '/root/ros-image-stream/ros2_ws/build/image_common', 'catkin_cmake_args': None, 'catkin_skip_building_tests': False, 'cmake_args': None, 'cmake_clean_cache': False, 'cmake_clean_first': False, 'cmake_force_configure': False, 'cmake_target': None, 'cmake_target_skip_unavailable': False, 'install_base': '/root/ros-image-stream/ros2_ws/install/image_common', 'merge_install': False, 'path': '/root/ros-image-stream/ros2_ws/src/image_common/image_common', 'symlink_install': False, 'test_result_base': None}
[0.225s] INFO:colcon.colcon_core.executor:Executing jobs using 'parallel' executor
[0.228s] DEBUG:colcon.colcon_parallel_executor.executor.parallel:run_until_complete
[0.229s] INFO:colcon.colcon_ros.task.ament_cmake.build:Building ROS package in '/root/ros-image-stream/ros2_ws/src/image_common/image_transport' with build type 'ament_cmake'
[0.229s] INFO:colcon.colcon_cmake.task.cmake.build:Building CMake package in '/root/ros-image-stream/ros2_ws/src/image_common/image_transport'
[0.230s] INFO:colcon.colcon_core.plugin_system:Skipping extension 'colcon_core.shell.bat': Not used on non-Windows systems
[0.230s] INFO:colcon.colcon_core.shell:Skip shell extension 'powershell' for command environment: Not usable outside of PowerShell
[0.230s] DEBUG:colcon.colcon_core.shell:Skip shell extension 'dsv' for command environment
[0.231s] WARNING:colcon.colcon_core.prefix_path.colcon:The path '/root/ros2_ws/install' in the environment variable COLCON_PREFIX_PATH doesn't exist
[0.231s] WARNING:colcon.colcon_ros.prefix_path.ament:The path '/root/ros2_ws/install/ros_image_transport' in the environment variable AMENT_PREFIX_PATH doesn't exist
[0.235s] INFO:colcon.colcon_ros.task.ament_cmake.build:Building ROS package in '/root/ros-image-stream/ros2_ws/src/image_common/camera_calibration_parsers' with build type 'ament_cmake'
[0.235s] INFO:colcon.colcon_cmake.task.cmake.build:Building CMake package in '/root/ros-image-stream/ros2_ws/src/image_common/camera_calibration_parsers'
[0.235s] INFO:colcon.colcon_core.shell:Skip shell extension 'powershell' for command environment: Not usable outside of PowerShell
[0.235s] DEBUG:colcon.colcon_core.shell:Skip shell extension 'dsv' for command environment
[0.238s] INFO:colcon.colcon_ros.task.ament_python.build:Building ROS package in '/root/ros-image-stream/ros2_ws/src/image_common/camera_info_manager_py' with build type 'ament_python'
[0.238s] Level 1:colcon.colcon_core.shell:create_environment_hook('camera_info_manager_py', 'ament_prefix_path')
[0.238s] INFO:colcon.colcon_core.shell:Creating environment hook '/root/ros-image-stream/ros2_ws/install/camera_info_manager_py/share/camera_info_manager_py/hook/ament_prefix_path.ps1'
[0.240s] INFO:colcon.colcon_core.shell:Creating environment descriptor '/root/ros-image-stream/ros2_ws/install/camera_info_manager_py/share/camera_info_manager_py/hook/ament_prefix_path.dsv'
[0.240s] INFO:colcon.colcon_core.shell:Creating environment hook '/root/ros-image-stream/ros2_ws/install/camera_info_manager_py/share/camera_info_manager_py/hook/ament_prefix_path.sh'
[0.240s] INFO:colcon.colcon_core.shell:Skip shell extension 'powershell' for command environment: Not usable outside of PowerShell
[0.240s] DEBUG:colcon.colcon_core.shell:Skip shell extension 'dsv' for command environment
[0.261s] DEBUG:colcon.colcon_core.event_handler.log_command:Invoking command in '/root/ros-image-stream/ros2_ws/build/image_transport': CMAKE_PREFIX_PATH=/root/ros2_ws/install/ros_image_transport:/opt/ros/humble /usr/bin/cmake /root/ros-image-stream/ros2_ws/src/image_common/image_transport -DCMAKE_INSTALL_PREFIX=/root/ros-image-stream/ros2_ws/install/image_transport
[0.267s] DEBUG:colcon.colcon_core.event_handler.log_command:Invoking command in '/root/ros-image-stream/ros2_ws/build/camera_calibration_parsers': CMAKE_PREFIX_PATH=/root/ros2_ws/install/ros_image_transport:/opt/ros/humble /usr/bin/cmake /root/ros-image-stream/ros2_ws/src/image_common/camera_calibration_parsers -DCMAKE_INSTALL_PREFIX=/root/ros-image-stream/ros2_ws/install/camera_calibration_parsers
[0.517s] INFO:colcon.colcon_core.task.python.build:Building Python package in '/root/ros-image-stream/ros2_ws/src/image_common/camera_info_manager_py'
[0.517s] INFO:colcon.colcon_core.shell:Skip shell extension 'powershell' for command environment: Not usable outside of PowerShell
[0.517s] DEBUG:colcon.colcon_core.shell:Skip shell extension 'dsv' for command environment
[0.856s] DEBUG:colcon.colcon_core.event_handler.log_command:Invoking command in '/root/ros-image-stream/ros2_ws/src/image_common/camera_info_manager_py': PYTHONPATH=/root/ros-image-stream/ros2_ws/build/camera_info_manager_py/prefix_override:/usr/lib/python3/dist-packages/colcon_core/task/python/colcon_distutils_commands:/root/ros-image-stream/ros2_ws/install/camera_info_manager_py/lib/python3.10/site-packages:${PYTHONPATH} /usr/bin/python3 -W ignore:setup.py install is deprecated setup.py egg_info --egg-base ../../../build/camera_info_manager_py build --build-base /root/ros-image-stream/ros2_ws/build/camera_info_manager_py/build install --record /root/ros-image-stream/ros2_ws/build/camera_info_manager_py/install.log --single-version-externally-managed install_data
[1.128s] DEBUG:colcon.colcon_core.event_handler.log_command:Invoked command in '/root/ros-image-stream/ros2_ws/src/image_common/camera_info_manager_py' returned '0': PYTHONPATH=/root/ros-image-stream/ros2_ws/build/camera_info_manager_py/prefix_override:/usr/lib/python3/dist-packages/colcon_core/task/python/colcon_distutils_commands:/root/ros-image-stream/ros2_ws/install/camera_info_manager_py/lib/python3.10/site-packages:${PYTHONPATH} /usr/bin/python3 -W ignore:setup.py install is deprecated setup.py egg_info --egg-base ../../../build/camera_info_manager_py build --build-base /root/ros-image-stream/ros2_ws/build/camera_info_manager_py/build install --record /root/ros-image-stream/ros2_ws/build/camera_info_manager_py/install.log --single-version-externally-managed install_data
[1.130s] Level 1:colcon.colcon_core.environment:checking '/root/ros-image-stream/ros2_ws/install/camera_info_manager_py' for CMake module files
[1.130s] Level 1:colcon.colcon_core.environment:checking '/root/ros-image-stream/ros2_ws/install/camera_info_manager_py' for CMake config files
[1.131s] Level 1:colcon.colcon_core.environment:checking '/root/ros-image-stream/ros2_ws/install/camera_info_manager_py/lib'
[1.131s] Level 1:colcon.colcon_core.environment:checking '/root/ros-image-stream/ros2_ws/install/camera_info_manager_py/bin'
[1.131s] Level 1:colcon.colcon_core.environment:checking '/root/ros-image-stream/ros2_ws/install/camera_info_manager_py/lib/pkgconfig/camera_info_manager_py.pc'
[1.131s] Level 1:colcon.colcon_core.environment:checking '/root/ros-image-stream/ros2_ws/install/camera_info_manager_py/lib/python3.10/site-packages'
[1.131s] Level 1:colcon.colcon_core.shell:create_environment_hook('camera_info_manager_py', 'pythonpath')
[1.131s] INFO:colcon.colcon_core.shell:Creating environment hook '/root/ros-image-stream/ros2_ws/install/camera_info_manager_py/share/camera_info_manager_py/hook/pythonpath.ps1'
[1.132s] INFO:colcon.colcon_core.shell:Creating environment descriptor '/root/ros-image-stream/ros2_ws/install/camera_info_manager_py/share/camera_info_manager_py/hook/pythonpath.dsv'
[1.132s] INFO:colcon.colcon_core.shell:Creating environment hook '/root/ros-image-stream/ros2_ws/install/camera_info_manager_py/share/camera_info_manager_py/hook/pythonpath.sh'
[1.132s] Level 1:colcon.colcon_core.environment:checking '/root/ros-image-stream/ros2_ws/install/camera_info_manager_py/bin'
[1.132s] Level 1:colcon.colcon_core.environment:create_environment_scripts_only(camera_info_manager_py)
[1.132s] INFO:colcon.colcon_core.shell:Creating package script '/root/ros-image-stream/ros2_ws/install/camera_info_manager_py/share/camera_info_manager_py/package.ps1'
[1.133s] INFO:colcon.colcon_core.shell:Creating package descriptor '/root/ros-image-stream/ros2_ws/install/camera_info_manager_py/share/camera_info_manager_py/package.dsv'
[1.133s] INFO:colcon.colcon_core.shell:Creating package script '/root/ros-image-stream/ros2_ws/install/camera_info_manager_py/share/camera_info_manager_py/package.sh'
[1.134s] INFO:colcon.colcon_core.shell:Creating package script '/root/ros-image-stream/ros2_ws/install/camera_info_manager_py/share/camera_info_manager_py/package.bash'
[1.134s] INFO:colcon.colcon_core.shell:Creating package script '/root/ros-image-stream/ros2_ws/install/camera_info_manager_py/share/camera_info_manager_py/package.zsh'
[1.135s] Level 1:colcon.colcon_core.environment:create_file_with_runtime_dependencies(/root/ros-image-stream/ros2_ws/install/camera_info_manager_py/share/colcon-core/packages/camera_info_manager_py)
[3.902s] DEBUG:colcon.colcon_core.event_handler.log_command:Invoked command in '/root/ros-image-stream/ros2_ws/build/camera_calibration_parsers' returned '1': CMAKE_PREFIX_PATH=/root/ros2_ws/install/ros_image_transport:/opt/ros/humble /usr/bin/cmake /root/ros-image-stream/ros2_ws/src/image_common/camera_calibration_parsers -DCMAKE_INSTALL_PREFIX=/root/ros-image-stream/ros2_ws/install/camera_calibration_parsers
[3.951s] DEBUG:colcon.colcon_core.event_handler.log_command:Invoked command in '/root/ros-image-stream/ros2_ws/build/image_transport' returned '0': CMAKE_PREFIX_PATH=/root/ros2_ws/install/ros_image_transport:/opt/ros/humble /usr/bin/cmake /root/ros-image-stream/ros2_ws/src/image_common/image_transport -DCMAKE_INSTALL_PREFIX=/root/ros-image-stream/ros2_ws/install/image_transport
[3.952s] DEBUG:colcon.colcon_core.event_handler.log_command:Invoking command in '/root/ros-image-stream/ros2_ws/build/image_transport': CMAKE_PREFIX_PATH=/root/ros2_ws/install/ros_image_transport:/opt/ros/humble /usr/bin/cmake --build /root/ros-image-stream/ros2_ws/build/image_transport -- -j8 -l8
[3.963s] Level 1:colcon.colcon_core.environment:create_environment_scripts_only(camera_calibration_parsers)
[3.964s] Level 1:colcon.colcon_core.environment:checking '/root/ros-image-stream/ros2_ws/install/camera_calibration_parsers' for CMake module files
[3.964s] Level 1:colcon.colcon_core.environment:checking '/root/ros-image-stream/ros2_ws/install/camera_calibration_parsers' for CMake config files
[3.964s] Level 1:colcon.colcon_core.environment:checking '/root/ros-image-stream/ros2_ws/install/camera_calibration_parsers/bin'
[3.964s] Level 1:colcon.colcon_core.environment:checking '/root/ros-image-stream/ros2_ws/install/camera_calibration_parsers/lib/pkgconfig/camera_calibration_parsers.pc'
[3.964s] Level 1:colcon.colcon_core.environment:checking '/root/ros-image-stream/ros2_ws/install/camera_calibration_parsers/lib/python3.10/site-packages'
[3.965s] Level 1:colcon.colcon_core.environment:checking '/root/ros-image-stream/ros2_ws/install/camera_calibration_parsers/bin'
[3.965s] INFO:colcon.colcon_core.shell:Creating package script '/root/ros-image-stream/ros2_ws/install/camera_calibration_parsers/share/camera_calibration_parsers/package.ps1'
[3.965s] INFO:colcon.colcon_core.shell:Creating package descriptor '/root/ros-image-stream/ros2_ws/install/camera_calibration_parsers/share/camera_calibration_parsers/package.dsv'
[3.965s] INFO:colcon.colcon_core.shell:Creating package script '/root/ros-image-stream/ros2_ws/install/camera_calibration_parsers/share/camera_calibration_parsers/package.sh'
[3.966s] INFO:colcon.colcon_core.shell:Creating package script '/root/ros-image-stream/ros2_ws/install/camera_calibration_parsers/share/camera_calibration_parsers/package.bash'
[3.966s] INFO:colcon.colcon_core.shell:Creating package script '/root/ros-image-stream/ros2_ws/install/camera_calibration_parsers/share/camera_calibration_parsers/package.zsh'
[3.966s] Level 1:colcon.colcon_core.environment:create_file_with_runtime_dependencies(/root/ros-image-stream/ros2_ws/install/camera_calibration_parsers/share/colcon-core/packages/camera_calibration_parsers)
[8.391s] DEBUG:colcon.colcon_parallel_executor.executor.parallel:closing loop
[8.392s] DEBUG:colcon.colcon_parallel_executor.executor.parallel:loop closed
[8.392s] DEBUG:colcon.colcon_parallel_executor.executor.parallel:run_until_complete finished with '1'
[8.392s] DEBUG:colcon.colcon_core.event_reactor:joining thread
[8.397s] INFO:colcon.colcon_core.plugin_system:Skipping extension 'colcon_notification.desktop_notification.notify_send': Could not find 'notify-send'
[8.397s] INFO:colcon.colcon_core.plugin_system:Skipping extension 'colcon_notification.desktop_notification.terminal_notifier': Not used on non-Darwin systems
[8.398s] INFO:colcon.colcon_core.plugin_system:Skipping extension 'colcon_notification.desktop_notification.win32': Not used on non-Windows systems
[8.398s] INFO:colcon.colcon_notification.desktop_notification:Sending desktop notification using 'notify2'
[8.399s] DEBUG:colcon.colcon_notification.desktop_notification.notify2:Failed to initialize notify2: org.freedesktop.DBus.Error.NotSupported: Unable to autolaunch a dbus-daemon without a $DISPLAY for X11
[8.399s] DEBUG:colcon.colcon_core.event_reactor:joined thread
[8.399s] INFO:colcon.colcon_core.shell:Creating prefix script '/root/ros-image-stream/ros2_ws/install/local_setup.ps1'
[8.400s] INFO:colcon.colcon_core.shell:Creating prefix util module '/root/ros-image-stream/ros2_ws/install/_local_setup_util_ps1.py'
[8.401s] INFO:colcon.colcon_core.shell:Creating prefix chain script '/root/ros-image-stream/ros2_ws/install/setup.ps1'
[8.402s] INFO:colcon.colcon_core.shell:Creating prefix script '/root/ros-image-stream/ros2_ws/install/local_setup.sh'
[8.402s] INFO:colcon.colcon_core.shell:Creating prefix util module '/root/ros-image-stream/ros2_ws/install/_local_setup_util_sh.py'
[8.403s] INFO:colcon.colcon_core.shell:Creating prefix chain script '/root/ros-image-stream/ros2_ws/install/setup.sh'
[8.403s] INFO:colcon.colcon_core.shell:Creating prefix script '/root/ros-image-stream/ros2_ws/install/local_setup.bash'
[8.403s] INFO:colcon.colcon_core.shell:Creating prefix chain script '/root/ros-image-stream/ros2_ws/install/setup.bash'
[8.404s] INFO:colcon.colcon_core.shell:Creating prefix script '/root/ros-image-stream/ros2_ws/install/local_setup.zsh'
[8.404s] INFO:colcon.colcon_core.shell:Creating prefix chain script '/root/ros-image-stream/ros2_ws/install/setup.zsh'
