[0.032s] Invoking command in '/root/ros-image-stream/ros2_ws/build/camera_calibration_parsers': CMAKE_PREFIX_PATH=/root/ros2_ws/install/ros_image_transport:/opt/ros/humble /usr/bin/cmake /root/ros-image-stream/ros2_ws/src/image_common/camera_calibration_parsers -DCMAKE_INSTALL_PREFIX=/root/ros-image-stream/ros2_ws/install/camera_calibration_parsers
[0.381s] -- The C compiler identification is GNU 11.4.0
[0.659s] -- The CXX compiler identification is GNU 11.4.0
[0.682s] -- Detecting C compiler ABI info
[1.100s] -- Detecting C compiler ABI info - done
[1.114s] -- Check for working C compiler: /usr/bin/cc - skipped
[1.114s] -- Detecting C compile features
[1.114s] -- Detecting C compile features - done
[1.117s] -- Detecting CXX compiler ABI info
[1.506s] -- Detecting CXX compiler ABI info - done
[1.519s] -- Check for working CXX compiler: /usr/bin/c++ - skipped
[1.519s] -- Detecting CXX compile features
[1.519s] -- Detecting CXX compile features - done
[1.524s] -- Found ament_cmake_ros: 0.10.0 (/opt/ros/humble/share/ament_cmake_ros/cmake)
[2.032s] -- Found Python3: /usr/bin/python3 (found version "3.10.12") found components: Interpreter 
[2.162s] -- Found rclcpp: 16.0.10 (/opt/ros/humble/share/rclcpp/cmake)
[2.187s] -- Found rosidl_generator_c: 3.1.5 (/opt/ros/humble/share/rosidl_generator_c/cmake)
[2.190s] -- Found rosidl_adapter: 3.1.5 (/opt/ros/humble/share/rosidl_adapter/cmake)
[2.196s] -- Found rosidl_generator_cpp: 3.1.5 (/opt/ros/humble/share/rosidl_generator_cpp/cmake)
[2.204s] -- Using all available rosidl_typesupport_c: rosidl_typesupport_fastrtps_c;rosidl_typesupport_introspection_c
[2.215s] -- Using all available rosidl_typesupport_cpp: rosidl_typesupport_fastrtps_cpp;rosidl_typesupport_introspection_cpp
[2.243s] -- Found rmw_implementation_cmake: 6.1.2 (/opt/ros/humble/share/rmw_implementation_cmake/cmake)
[2.244s] -- Found rmw_fastrtps_cpp: 6.2.7 (/opt/ros/humble/share/rmw_fastrtps_cpp/cmake)
[2.556s] -- Found OpenSSL: /usr/lib/x86_64-linux-gnu/libcrypto.so (found version "3.0.2")  
[2.582s] -- Found FastRTPS: /opt/ros/humble/include  
[2.627s] -- Using RMW implementation 'rmw_fastrtps_cpp' as default
[2.633s] -- Looking for pthread.h
[3.012s] -- Looking for pthread.h - found
[3.012s] -- Performing Test CMAKE_HAVE_LIBC_PTHREAD
[3.404s] -- Performing Test CMAKE_HAVE_LIBC_PTHREAD - Success
[3.405s] -- Found Threads: TRUE  
[3.446s] -- Found sensor_msgs: 4.2.4 (/opt/ros/humble/share/sensor_msgs/cmake)
[3.471s] -- Found yaml_cpp_vendor: 8.0.2 (/opt/ros/humble/share/yaml_cpp_vendor/cmake)
[3.476s] -- Found ament_lint_auto: 0.12.11 (/opt/ros/humble/share/ament_lint_auto/cmake)
[3.603s] -- Found gtest sources under '/opt/ros/humble/src/gtest_vendor': C++ tests using 'Google Test' will be built
[3.613s] -- Added test 'copyright' to check source files copyright and LICENSE
[3.614s] -- Added test 'cppcheck' to perform static code analysis on C / C++ code
[3.614s] -- Configured cppcheck include dirs: $<BUILD_INTERFACE:/root/ros-image-stream/ros2_ws/src/image_common/camera_calibration_parsers/include>
[3.614s] -- Configured cppcheck exclude dirs and/or files: 
[3.615s] -- Added test 'cpplint' to check C / C++ code against the Google style
[3.615s] -- Configured cpplint exclude dirs and/or files: 
[3.615s] -- Added test 'flake8' to check Python code syntax and style conventions
[3.615s] -- Added test 'lint_cmake' to check CMake code style
[3.616s] -- Added test 'pep257' to check Python code against some of the docstring style conventions in PEP 257
[3.616s] -- Added test 'uncrustify' to check C / C++ code style
[3.616s] -- Configured uncrustify additional arguments: 
[3.616s] -- Added test 'xmllint' to check XML markup files
[3.618s] -- Configuring done
[3.626s] [31mCMake Error at CMakeLists.txt:23 (add_library):
[3.626s]   Target "camera_calibration_parsers" links to target "yaml-cpp::yaml-cpp"
[3.627s]   but the target was not found.  Perhaps a find_package() call is missing for
[3.627s]   an IMPORTED target, or an ALIAS target is missing?
[3.627s] 
[3.627s] [0m
[3.627s] [31mCMake Error at CMakeLists.txt:23 (add_library):
[3.627s]   Target "camera_calibration_parsers" links to target
[3.627s]   "sensor_msgs::sensor_msgs" but the target was not found.  Perhaps a
[3.627s]   find_package() call is missing for an IMPORTED target, or an ALIAS target
[3.627s]   is missing?
[3.627s] 
[3.627s] [0m
[3.654s] -- Generating done
[3.657s] [0mCMake Generate step failed.  Build files cannot be regenerated correctly.[0m
[3.666s] Invoked command in '/root/ros-image-stream/ros2_ws/build/camera_calibration_parsers' returned '1': CMAKE_PREFIX_PATH=/root/ros2_ws/install/ros_image_transport:/opt/ros/humble /usr/bin/cmake /root/ros-image-stream/ros2_ws/src/image_common/camera_calibration_parsers -DCMAKE_INSTALL_PREFIX=/root/ros-image-stream/ros2_ws/install/camera_calibration_parsers
