[0.033s] Invoking command in '/root/ros-image-stream/build/camera_calibration_parsers': CMAKE_PREFIX_PATH=/root/ros2_ws/install/ros_image_transport:/opt/ros/humble /usr/bin/cmake /root/ros-image-stream/ros2_ws/src/image_common/camera_calibration_parsers -DCMAKE_INSTALL_PREFIX=/root/ros-image-stream/install/camera_calibration_parsers
[0.395s] -- The C compiler identification is GNU 11.4.0
[0.668s] -- The CXX compiler identification is GNU 11.4.0
[0.689s] -- Detecting C compiler ABI info
[1.118s] -- Detecting C compiler ABI info - done
[1.131s] -- Check for working C compiler: /usr/bin/cc - skipped
[1.131s] -- Detecting C compile features
[1.132s] -- Detecting C compile features - done
[1.134s] -- Detecting CXX compiler ABI info
[1.518s] -- Detecting CXX compiler ABI info - done
[1.531s] -- Check for working CXX compiler: /usr/bin/c++ - skipped
[1.531s] -- Detecting CXX compile features
[1.532s] -- Detecting CXX compile features - done
[1.536s] -- Found ament_cmake_ros: 0.10.0 (/opt/ros/humble/share/ament_cmake_ros/cmake)
[2.048s] -- Found Python3: /usr/bin/python3 (found version "3.10.12") found components: Interpreter 
[2.183s] -- Found rclcpp: 16.0.10 (/opt/ros/humble/share/rclcpp/cmake)
[2.207s] -- Found rosidl_generator_c: 3.1.5 (/opt/ros/humble/share/rosidl_generator_c/cmake)
[2.209s] -- Found rosidl_adapter: 3.1.5 (/opt/ros/humble/share/rosidl_adapter/cmake)
[2.214s] -- Found rosidl_generator_cpp: 3.1.5 (/opt/ros/humble/share/rosidl_generator_cpp/cmake)
[2.221s] -- Using all available rosidl_typesupport_c: rosidl_typesupport_fastrtps_c;rosidl_typesupport_introspection_c
[2.231s] -- Using all available rosidl_typesupport_cpp: rosidl_typesupport_fastrtps_cpp;rosidl_typesupport_introspection_cpp
[2.259s] -- Found rmw_implementation_cmake: 6.1.2 (/opt/ros/humble/share/rmw_implementation_cmake/cmake)
[2.261s] -- Found rmw_fastrtps_cpp: 6.2.7 (/opt/ros/humble/share/rmw_fastrtps_cpp/cmake)
[2.586s] -- Found OpenSSL: /usr/lib/x86_64-linux-gnu/libcrypto.so (found version "3.0.2")  
[2.610s] -- Found FastRTPS: /opt/ros/humble/include  
[2.654s] -- Using RMW implementation 'rmw_fastrtps_cpp' as default
[2.659s] -- Looking for pthread.h
[3.042s] -- Looking for pthread.h - found
[3.043s] -- Performing Test CMAKE_HAVE_LIBC_PTHREAD
[3.438s] -- Performing Test CMAKE_HAVE_LIBC_PTHREAD - Success
[3.439s] -- Found Threads: TRUE  
[3.478s] -- Found sensor_msgs: 4.2.4 (/opt/ros/humble/share/sensor_msgs/cmake)
[3.502s] -- Found yaml_cpp_vendor: 8.0.2 (/opt/ros/humble/share/yaml_cpp_vendor/cmake)
[3.505s] [31mCMake Error at CMakeLists.txt:37 (target_link_libraries):
[3.505s]   The keyword signature for target_link_libraries has already been used with
[3.505s]   the target "camera_calibration_parsers".  All uses of target_link_libraries
[3.505s]   with a target must be either all-keyword or all-plain.
[3.505s] 
[3.505s]   The uses of the keyword signature are here:
[3.505s] 
[3.505s]    * CMakeLists.txt:31 (target_link_libraries)
[3.505s]    * CMakeLists.txt:33 (target_link_libraries)
[3.505s] 
[3.506s] 
[3.506s] [0m
[3.506s] [31mCMake Error at CMakeLists.txt:46 (target_link_libraries):
[3.506s]   The plain signature for target_link_libraries has already been used with
[3.506s]   the target "camera_calibration_parsers".  All uses of target_link_libraries
[3.506s]   with a target must be either all-keyword or all-plain.
[3.506s] 
[3.506s]   The uses of the plain signature are here:
[3.506s] 
[3.506s]    * CMakeLists.txt:37 (target_link_libraries)
[3.506s] 
[3.506s] 
[3.506s] [0m
[3.509s] -- Found ament_lint_auto: 0.12.11 (/opt/ros/humble/share/ament_lint_auto/cmake)
[3.644s] -- Found gtest sources under '/opt/ros/humble/src/gtest_vendor': C++ tests using 'Google Test' will be built
[3.654s] -- Added test 'copyright' to check source files copyright and LICENSE
[3.655s] -- Added test 'cppcheck' to perform static code analysis on C / C++ code
[3.655s] -- Configured cppcheck include dirs: $<BUILD_INTERFACE:/root/ros-image-stream/ros2_ws/src/image_common/camera_calibration_parsers/include>
[3.655s] -- Configured cppcheck exclude dirs and/or files: 
[3.656s] -- Added test 'cpplint' to check C / C++ code against the Google style
[3.656s] -- Configured cpplint exclude dirs and/or files: 
[3.656s] -- Added test 'flake8' to check Python code syntax and style conventions
[3.657s] -- Added test 'lint_cmake' to check CMake code style
[3.657s] -- Added test 'pep257' to check Python code against some of the docstring style conventions in PEP 257
[3.658s] -- Added test 'uncrustify' to check C / C++ code style
[3.658s] -- Configured uncrustify additional arguments: 
[3.658s] -- Added test 'xmllint' to check XML markup files
[3.660s] -- Configuring incomplete, errors occurred!
[3.660s] See also "/root/ros-image-stream/build/camera_calibration_parsers/CMakeFiles/CMakeOutput.log".
[3.668s] Invoked command in '/root/ros-image-stream/build/camera_calibration_parsers' returned '1': CMAKE_PREFIX_PATH=/root/ros2_ws/install/ros_image_transport:/opt/ros/humble /usr/bin/cmake /root/ros-image-stream/ros2_ws/src/image_common/camera_calibration_parsers -DCMAKE_INSTALL_PREFIX=/root/ros-image-stream/install/camera_calibration_parsers
