[0.035s] Invoking command in '/root/ros-image-stream/build/image_transport': CMAKE_PREFIX_PATH=/root/ros2_ws/install/ros_image_transport:/opt/ros/humble /usr/bin/cmake /root/ros-image-stream/ros2_ws/src/image_common/image_transport -DCMAKE_INSTALL_PREFIX=/root/ros-image-stream/install/image_transport
[0.402s] -- The C compiler identification is GNU 11.4.0
[0.672s] -- The CXX compiler identification is GNU 11.4.0
[0.694s] -- Detecting C compiler ABI info
[1.122s] -- Detecting C compiler ABI info - done
[1.135s] -- Check for working C compiler: /usr/bin/cc - skipped
[1.135s] -- Detecting C compile features
[1.136s] -- Detecting C compile features - done
[1.138s] -- Detecting CXX compiler ABI info
[1.524s] -- Detecting CXX compiler ABI info - done
[1.537s] -- Check for working CXX compiler: /usr/bin/c++ - skipped
[1.537s] -- Detecting CXX compile features
[1.538s] -- Detecting CXX compile features - done
[1.542s] -- Found ament_cmake_ros: 0.10.0 (/opt/ros/humble/share/ament_cmake_ros/cmake)
[2.054s] -- Found Python3: /usr/bin/python3 (found version "3.10.12") found components: Interpreter 
[2.188s] -- Found message_filters: 4.3.5 (/opt/ros/humble/share/message_filters/cmake)
[2.214s] -- Found rosidl_generator_c: 3.1.5 (/opt/ros/humble/share/rosidl_generator_c/cmake)
[2.216s] -- Found rosidl_adapter: 3.1.5 (/opt/ros/humble/share/rosidl_adapter/cmake)
[2.221s] -- Found rosidl_generator_cpp: 3.1.5 (/opt/ros/humble/share/rosidl_generator_cpp/cmake)
[2.228s] -- Using all available rosidl_typesupport_c: rosidl_typesupport_fastrtps_c;rosidl_typesupport_introspection_c
[2.238s] -- Using all available rosidl_typesupport_cpp: rosidl_typesupport_fastrtps_cpp;rosidl_typesupport_introspection_cpp
[2.266s] -- Found rmw_implementation_cmake: 6.1.2 (/opt/ros/humble/share/rmw_implementation_cmake/cmake)
[2.267s] -- Found rmw_fastrtps_cpp: 6.2.7 (/opt/ros/humble/share/rmw_fastrtps_cpp/cmake)
[2.592s] -- Found OpenSSL: /usr/lib/x86_64-linux-gnu/libcrypto.so (found version "3.0.2")  
[2.617s] -- Found FastRTPS: /opt/ros/humble/include  
[2.660s] -- Using RMW implementation 'rmw_fastrtps_cpp' as default
[2.665s] -- Looking for pthread.h
[3.049s] -- Looking for pthread.h - found
[3.049s] -- Performing Test CMAKE_HAVE_LIBC_PTHREAD
[3.443s] -- Performing Test CMAKE_HAVE_LIBC_PTHREAD - Success
[3.444s] -- Found Threads: TRUE  
[3.483s] -- Found pluginlib: 5.1.0 (/opt/ros/humble/share/pluginlib/cmake)
[3.495s] -- Found rclcpp_components: 16.0.10 (/opt/ros/humble/share/rclcpp_components/cmake)
[3.509s] -- Found sensor_msgs: 4.2.4 (/opt/ros/humble/share/sensor_msgs/cmake)
[3.539s] -- Found ament_lint_auto: 0.12.11 (/opt/ros/humble/share/ament_lint_auto/cmake)
[3.673s] -- Found gtest sources under '/opt/ros/humble/src/gtest_vendor': C++ tests using 'Google Test' will be built
[3.688s] -- Added test 'copyright' to check source files copyright and LICENSE
[3.689s] -- Added test 'cpplint' to check C / C++ code against the Google style
[3.689s] -- Configured cpplint exclude dirs and/or files: 
[3.690s] -- Added test 'lint_cmake' to check CMake code style
[3.691s] -- Added test 'uncrustify' to check C / C++ code style
[3.691s] -- Configured uncrustify additional arguments: 
[3.691s] -- Added test 'xmllint' to check XML markup files
[3.693s] -- Configuring done
[3.747s] -- Generating done
[3.751s] -- Build files have been written to: /root/ros-image-stream/build/image_transport
