[0.617s] Invoking command in '/root/ros-image-stream/ros2_ws/src/image_common/camera_info_manager_py': PYTHONPATH=/root/ros-image-stream/ros2_ws/build/camera_info_manager_py/prefix_override:/usr/lib/python3/dist-packages/colcon_core/task/python/colcon_distutils_commands:/root/ros-image-stream/ros2_ws/install/camera_info_manager_py/lib/python3.10/site-packages:${PYTHONPATH} /usr/bin/python3 -W ignore:setup.py install is deprecated setup.py egg_info --egg-base ../../../build/camera_info_manager_py build --build-base /root/ros-image-stream/ros2_ws/build/camera_info_manager_py/build install --record /root/ros-image-stream/ros2_ws/build/camera_info_manager_py/install.log --single-version-externally-managed install_data
[0.836s] running egg_info
[0.836s] creating ../../../build/camera_info_manager_py/camera_info_manager_py.egg-info
[0.837s] writing ../../../build/camera_info_manager_py/camera_info_manager_py.egg-info/PKG-INFO
[0.837s] writing dependency_links to ../../../build/camera_info_manager_py/camera_info_manager_py.egg-info/dependency_links.txt
[0.838s] writing requirements to ../../../build/camera_info_manager_py/camera_info_manager_py.egg-info/requires.txt
[0.838s] writing top-level names to ../../../build/camera_info_manager_py/camera_info_manager_py.egg-info/top_level.txt
[0.838s] writing manifest file '../../../build/camera_info_manager_py/camera_info_manager_py.egg-info/SOURCES.txt'
[0.838s] reading manifest file '../../../build/camera_info_manager_py/camera_info_manager_py.egg-info/SOURCES.txt'
[0.839s] adding license file 'LICENSE'
[0.839s] writing manifest file '../../../build/camera_info_manager_py/camera_info_manager_py.egg-info/SOURCES.txt'
[0.839s] running build
[0.840s] running build_py
[0.840s] creating /root/ros-image-stream/ros2_ws/build/camera_info_manager_py/build
[0.840s] creating /root/ros-image-stream/ros2_ws/build/camera_info_manager_py/build/lib
[0.840s] creating /root/ros-image-stream/ros2_ws/build/camera_info_manager_py/build/lib/camera_info_manager
[0.840s] copying camera_info_manager/__init__.py -> /root/ros-image-stream/ros2_ws/build/camera_info_manager_py/build/lib/camera_info_manager
[0.840s] copying camera_info_manager/camera_info_manager.py -> /root/ros-image-stream/ros2_ws/build/camera_info_manager_py/build/lib/camera_info_manager
[0.840s] copying camera_info_manager/zoom_camera_info_manager.py -> /root/ros-image-stream/ros2_ws/build/camera_info_manager_py/build/lib/camera_info_manager
[0.840s] running install
[0.840s] running install_lib
[0.841s] creating /root/ros-image-stream/ros2_ws/install/camera_info_manager_py/lib/python3.10/site-packages/camera_info_manager
[0.841s] copying /root/ros-image-stream/ros2_ws/build/camera_info_manager_py/build/lib/camera_info_manager/__init__.py -> /root/ros-image-stream/ros2_ws/install/camera_info_manager_py/lib/python3.10/site-packages/camera_info_manager
[0.841s] copying /root/ros-image-stream/ros2_ws/build/camera_info_manager_py/build/lib/camera_info_manager/camera_info_manager.py -> /root/ros-image-stream/ros2_ws/install/camera_info_manager_py/lib/python3.10/site-packages/camera_info_manager
[0.841s] copying /root/ros-image-stream/ros2_ws/build/camera_info_manager_py/build/lib/camera_info_manager/zoom_camera_info_manager.py -> /root/ros-image-stream/ros2_ws/install/camera_info_manager_py/lib/python3.10/site-packages/camera_info_manager
[0.841s] byte-compiling /root/ros-image-stream/ros2_ws/install/camera_info_manager_py/lib/python3.10/site-packages/camera_info_manager/__init__.py to __init__.cpython-310.pyc
[0.842s] byte-compiling /root/ros-image-stream/ros2_ws/install/camera_info_manager_py/lib/python3.10/site-packages/camera_info_manager/camera_info_manager.py to camera_info_manager.cpython-310.pyc
[0.847s] byte-compiling /root/ros-image-stream/ros2_ws/install/camera_info_manager_py/lib/python3.10/site-packages/camera_info_manager/zoom_camera_info_manager.py to zoom_camera_info_manager.cpython-310.pyc
[0.849s] running install_data
[0.849s] creating /root/ros-image-stream/ros2_ws/install/camera_info_manager_py/share/ament_index
[0.849s] creating /root/ros-image-stream/ros2_ws/install/camera_info_manager_py/share/ament_index/resource_index
[0.849s] creating /root/ros-image-stream/ros2_ws/install/camera_info_manager_py/share/ament_index/resource_index/packages
[0.849s] copying resource/camera_info_manager_py -> /root/ros-image-stream/ros2_ws/install/camera_info_manager_py/share/ament_index/resource_index/packages
[0.849s] copying package.xml -> /root/ros-image-stream/ros2_ws/install/camera_info_manager_py/share/camera_info_manager_py
[0.850s] running install_egg_info
[0.850s] Copying ../../../build/camera_info_manager_py/camera_info_manager_py.egg-info to /root/ros-image-stream/ros2_ws/install/camera_info_manager_py/lib/python3.10/site-packages/camera_info_manager_py-6.0.3-py3.10.egg-info
[0.851s] running install_scripts
[0.874s] writing list of installed files to '/root/ros-image-stream/ros2_ws/build/camera_info_manager_py/install.log'
[0.890s] Invoked command in '/root/ros-image-stream/ros2_ws/src/image_common/camera_info_manager_py' returned '0': PYTHONPATH=/root/ros-image-stream/ros2_ws/build/camera_info_manager_py/prefix_override:/usr/lib/python3/dist-packages/colcon_core/task/python/colcon_distutils_commands:/root/ros-image-stream/ros2_ws/install/camera_info_manager_py/lib/python3.10/site-packages:${PYTHONPATH} /usr/bin/python3 -W ignore:setup.py install is deprecated setup.py egg_info --egg-base ../../../build/camera_info_manager_py build --build-base /root/ros-image-stream/ros2_ws/build/camera_info_manager_py/build install --record /root/ros-image-stream/ros2_ws/build/camera_info_manager_py/install.log --single-version-externally-managed install_data
